<?xml version="1.0" encoding="UTF-8"?>
<testng-results skipped="0" failed="2" total="4" passed="2">
  <reporter-output>
  </reporter-output>
  <suite name="Default suite" duration-ms="148025" started-at="2015-09-26T12:02:41Z" finished-at="2015-09-26T12:05:09Z">
    <groups>
    </groups>
    <test name="Default test" duration-ms="148025" started-at="2015-09-26T12:02:41Z" finished-at="2015-09-26T12:05:09Z">
      <class name="selenium_mvn_eclipse.AppiumTest">
        <test-method status="PASS" signature="setUpClass()[pri:0, instance:selenium_mvn_eclipse.AppiumTest@3fb6a447]" name="setUpClass" is-config="true" duration-ms="1645" started-at="2015-09-26T17:32:41Z" finished-at="2015-09-26T17:32:42Z">
          <reporter-output>
          </reporter-output>
        </test-method> <!-- setUpClass -->
        <test-method status="PASS" signature="ifAllTabButtonsExistTest()[pri:0, instance:selenium_mvn_eclipse.AppiumTest@3fb6a447]" name="ifAllTabButtonsExistTest" duration-ms="12458" started-at="2015-09-26T17:32:42Z" finished-at="2015-09-26T17:32:55Z">
          <reporter-output>
          </reporter-output>
        </test-method> <!-- ifAllTabButtonsExistTest -->
        <test-method status="FAIL" signature="ifLandingPageHasAllTheHeadres()[pri:0, instance:selenium_mvn_eclipse.AppiumTest@3fb6a447]" name="ifLandingPageHasAllTheHeadres" duration-ms="15343" started-at="2015-09-26T17:32:55Z" finished-at="2015-09-26T17:33:10Z">
          <exception class="java.lang.AssertionError">
            <message>
              <![CDATA[Safety Tips should be visible expected:<Safety Tips> but was:<Safetty Tipps>]]>
            </message>
            <full-stacktrace>
              <![CDATA[java.lang.AssertionError: Safety Tips should be visible expected:<Safety Tips> but was:<Safetty Tipps>
	at org.testng.AssertJUnit.assertEquals(AssertJUnit.java:101)
	at selenium_mvn_eclipse.AppiumTest.ifLandingPageHasAllTheHeadres(AppiumTest.java:63)
	at sun.reflect.NativeMethodAccessorImpl.invoke0(Native Method)
	at sun.reflect.NativeMethodAccessorImpl.invoke(NativeMethodAccessorImpl.java:62)
	at sun.reflect.DelegatingMethodAccessorImpl.invoke(DelegatingMethodAccessorImpl.java:43)
	at java.lang.reflect.Method.invoke(Method.java:497)
	at org.testng.internal.MethodInvocationHelper.invokeMethod(MethodInvocationHelper.java:85)
	at org.testng.internal.Invoker.invokeMethod(Invoker.java:659)
	at org.testng.internal.Invoker.invokeTestMethod(Invoker.java:845)
	at org.testng.internal.Invoker.invokeTestMethods(Invoker.java:1153)
	at org.testng.internal.TestMethodWorker.invokeTestMethods(TestMethodWorker.java:125)
	at org.testng.internal.TestMethodWorker.run(TestMethodWorker.java:108)
	at org.testng.TestRunner.privateRun(TestRunner.java:771)
	at org.testng.TestRunner.run(TestRunner.java:621)
	at org.testng.SuiteRunner.runTest(SuiteRunner.java:357)
	at org.testng.SuiteRunner.runSequentially(SuiteRunner.java:352)
	at org.testng.SuiteRunner.privateRun(SuiteRunner.java:310)
	at org.testng.SuiteRunner.run(SuiteRunner.java:259)
	at org.testng.SuiteRunnerWorker.runSuite(SuiteRunnerWorker.java:52)
	at org.testng.SuiteRunnerWorker.run(SuiteRunnerWorker.java:86)
	at org.testng.TestNG.runSuitesSequentially(TestNG.java:1199)
	at org.testng.TestNG.runSuitesLocally(TestNG.java:1124)
	at org.testng.TestNG.run(TestNG.java:1032)
	at org.testng.remote.RemoteTestNG.run(RemoteTestNG.java:111)
	at org.testng.remote.RemoteTestNG.initAndRun(RemoteTestNG.java:204)
	at org.testng.remote.RemoteTestNG.main(RemoteTestNG.java:175)
]]>
            </full-stacktrace>
          </exception> <!-- java.lang.AssertionError -->
          <reporter-output>
          </reporter-output>
        </test-method> <!-- ifLandingPageHasAllTheHeadres -->
        <test-method status="FAIL" signature="ifLandingPageHasAllTheListingCategories()[pri:0, instance:selenium_mvn_eclipse.AppiumTest@3fb6a447]" name="ifLandingPageHasAllTheListingCategories" duration-ms="26693" started-at="2015-09-26T17:33:10Z" finished-at="2015-09-26T17:33:37Z">
          <exception class="java.lang.AssertionError">
            <message>
              <![CDATA[Category Kids & Baby should be visible expected:<Kids & Baby > but was:<Kids & Baby Products>]]>
            </message>
            <full-stacktrace>
              <![CDATA[java.lang.AssertionError: Category Kids & Baby should be visible expected:<Kids & Baby > but was:<Kids & Baby Products>
	at org.testng.AssertJUnit.assertEquals(AssertJUnit.java:101)
	at selenium_mvn_eclipse.AppiumTest.ifLandingPageHasAllTheListingCategories(AppiumTest.java:79)
	at sun.reflect.NativeMethodAccessorImpl.invoke0(Native Method)
	at sun.reflect.NativeMethodAccessorImpl.invoke(NativeMethodAccessorImpl.java:62)
	at sun.reflect.DelegatingMethodAccessorImpl.invoke(DelegatingMethodAccessorImpl.java:43)
	at java.lang.reflect.Method.invoke(Method.java:497)
	at org.testng.internal.MethodInvocationHelper.invokeMethod(MethodInvocationHelper.java:85)
	at org.testng.internal.Invoker.invokeMethod(Invoker.java:659)
	at org.testng.internal.Invoker.invokeTestMethod(Invoker.java:845)
	at org.testng.internal.Invoker.invokeTestMethods(Invoker.java:1153)
	at org.testng.internal.TestMethodWorker.invokeTestMethods(TestMethodWorker.java:125)
	at org.testng.internal.TestMethodWorker.run(TestMethodWorker.java:108)
	at org.testng.TestRunner.privateRun(TestRunner.java:771)
	at org.testng.TestRunner.run(TestRunner.java:621)
	at org.testng.SuiteRunner.runTest(SuiteRunner.java:357)
	at org.testng.SuiteRunner.runSequentially(SuiteRunner.java:352)
	at org.testng.SuiteRunner.privateRun(SuiteRunner.java:310)
	at org.testng.SuiteRunner.run(SuiteRunner.java:259)
	at org.testng.SuiteRunnerWorker.runSuite(SuiteRunnerWorker.java:52)
	at org.testng.SuiteRunnerWorker.run(SuiteRunnerWorker.java:86)
	at org.testng.TestNG.runSuitesSequentially(TestNG.java:1199)
	at org.testng.TestNG.runSuitesLocally(TestNG.java:1124)
	at org.testng.TestNG.run(TestNG.java:1032)
	at org.testng.remote.RemoteTestNG.run(RemoteTestNG.java:111)
	at org.testng.remote.RemoteTestNG.initAndRun(RemoteTestNG.java:204)
	at org.testng.remote.RemoteTestNG.main(RemoteTestNG.java:175)
]]>
            </full-stacktrace>
          </exception> <!-- java.lang.AssertionError -->
          <reporter-output>
          </reporter-output>
        </test-method> <!-- ifLandingPageHasAllTheListingCategories -->
        <test-method status="PASS" signature="openSubmitPage()[pri:0, instance:selenium_mvn_eclipse.AppiumTest@3fb6a447]" name="openSubmitPage" duration-ms="89426" started-at="2015-09-26T17:33:37Z" finished-at="2015-09-26T17:35:06Z">
          <reporter-output>
          </reporter-output>
        </test-method> <!-- openSubmitPage -->
        <test-method status="PASS" signature="tearDownClass()[pri:0, instance:selenium_mvn_eclipse.AppiumTest@3fb6a447]" name="tearDownClass" is-config="true" duration-ms="2418" started-at="2015-09-26T17:35:06Z" finished-at="2015-09-26T17:35:09Z">
          <reporter-output>
          </reporter-output>
        </test-method> <!-- tearDownClass -->
      </class> <!-- selenium_mvn_eclipse.AppiumTest -->
    </test> <!-- Default test -->
  </suite> <!-- Default suite -->
</testng-results>
