<?xml version="1.0" encoding="UTF-8"?>
<!-- Generated by org.testng.reporters.JUnitReportReporter -->
<testsuite hostname="Vibhors-MacBook-Pro.local" name="selenium_mvn_eclipse.AppiumTest" tests="4" failures="2" timestamp="26 Sep 2015 12:05:09 GMT" time="143.920" errors="0">
  <testcase name="ifAllTabButtonsExistTest" time="12.458" classname="selenium_mvn_eclipse.AppiumTest"/>
  <testcase name="ifLandingPageHasAllTheListingCategories" time="26.693" classname="selenium_mvn_eclipse.AppiumTest">
    <failure type="java.lang.AssertionError" message="Category Kids &amp; Baby should be visible expected:&lt;Kids &amp; Baby &gt; but was:&lt;Kids &amp; Baby Products&gt;">
      <![CDATA[java.lang.AssertionError: Category Kids & Baby should be visible expected:<Kids & Baby > but was:<Kids & Baby Products>
	at org.testng.AssertJUnit.assertEquals(AssertJUnit.java:101)
	at selenium_mvn_eclipse.AppiumTest.ifLandingPageHasAllTheListingCategories(AppiumTest.java:79)
	at sun.reflect.NativeMethodAccessorImpl.invoke0(Native Method)
	at sun.reflect.NativeMethodAccessorImpl.invoke(NativeMethodAccessorImpl.java:62)
	at sun.reflect.DelegatingMethodAccessorImpl.invoke(DelegatingMethodAccessorImpl.java:43)
	at java.lang.reflect.Method.invoke(Method.java:497)
	at org.testng.internal.MethodInvocationHelper.invokeMethod(MethodInvocationHelper.java:85)
	at org.testng.internal.Invoker.invokeMethod(Invoker.java:659)
	at org.testng.internal.Invoker.invokeTestMethod(Invoker.java:845)
	at org.testng.internal.Invoker.invokeTestMethods(Invoker.java:1153)
	at org.testng.internal.TestMethodWorker.invokeTestMethods(TestMethodWorker.java:125)
	at org.testng.internal.TestMethodWorker.run(TestMethodWorker.java:108)
	at org.testng.TestRunner.privateRun(TestRunner.java:771)
	at org.testng.TestRunner.run(TestRunner.java:621)
	at org.testng.SuiteRunner.runTest(SuiteRunner.java:357)
	at org.testng.SuiteRunner.runSequentially(SuiteRunner.java:352)
	at org.testng.SuiteRunner.privateRun(SuiteRunner.java:310)
	at org.testng.SuiteRunner.run(SuiteRunner.java:259)
	at org.testng.SuiteRunnerWorker.runSuite(SuiteRunnerWorker.java:52)
	at org.testng.SuiteRunnerWorker.run(SuiteRunnerWorker.java:86)
	at org.testng.TestNG.runSuitesSequentially(TestNG.java:1199)
	at org.testng.TestNG.runSuitesLocally(TestNG.java:1124)
	at org.testng.TestNG.run(TestNG.java:1032)
	at org.testng.remote.RemoteTestNG.run(RemoteTestNG.java:111)
	at org.testng.remote.RemoteTestNG.initAndRun(RemoteTestNG.java:204)
	at org.testng.remote.RemoteTestNG.main(RemoteTestNG.java:175)
]]>
    </failure>
  </testcase> <!-- ifLandingPageHasAllTheListingCategories -->
  <testcase name="openSubmitPage" time="89.426" classname="selenium_mvn_eclipse.AppiumTest"/>
  <testcase name="ifLandingPageHasAllTheHeadres" time="15.343" classname="selenium_mvn_eclipse.AppiumTest">
    <failure type="java.lang.AssertionError" message="Safety Tips should be visible expected:&lt;Safety Tips&gt; but was:&lt;Safetty Tipps&gt;">
      <![CDATA[java.lang.AssertionError: Safety Tips should be visible expected:<Safety Tips> but was:<Safetty Tipps>
	at org.testng.AssertJUnit.assertEquals(AssertJUnit.java:101)
	at selenium_mvn_eclipse.AppiumTest.ifLandingPageHasAllTheHeadres(AppiumTest.java:63)
	at sun.reflect.NativeMethodAccessorImpl.invoke0(Native Method)
	at sun.reflect.NativeMethodAccessorImpl.invoke(NativeMethodAccessorImpl.java:62)
	at sun.reflect.DelegatingMethodAccessorImpl.invoke(DelegatingMethodAccessorImpl.java:43)
	at java.lang.reflect.Method.invoke(Method.java:497)
	at org.testng.internal.MethodInvocationHelper.invokeMethod(MethodInvocationHelper.java:85)
	at org.testng.internal.Invoker.invokeMethod(Invoker.java:659)
	at org.testng.internal.Invoker.invokeTestMethod(Invoker.java:845)
	at org.testng.internal.Invoker.invokeTestMethods(Invoker.java:1153)
	at org.testng.internal.TestMethodWorker.invokeTestMethods(TestMethodWorker.java:125)
	at org.testng.internal.TestMethodWorker.run(TestMethodWorker.java:108)
	at org.testng.TestRunner.privateRun(TestRunner.java:771)
	at org.testng.TestRunner.run(TestRunner.java:621)
	at org.testng.SuiteRunner.runTest(SuiteRunner.java:357)
	at org.testng.SuiteRunner.runSequentially(SuiteRunner.java:352)
	at org.testng.SuiteRunner.privateRun(SuiteRunner.java:310)
	at org.testng.SuiteRunner.run(SuiteRunner.java:259)
	at org.testng.SuiteRunnerWorker.runSuite(SuiteRunnerWorker.java:52)
	at org.testng.SuiteRunnerWorker.run(SuiteRunnerWorker.java:86)
	at org.testng.TestNG.runSuitesSequentially(TestNG.java:1199)
	at org.testng.TestNG.runSuitesLocally(TestNG.java:1124)
	at org.testng.TestNG.run(TestNG.java:1032)
	at org.testng.remote.RemoteTestNG.run(RemoteTestNG.java:111)
	at org.testng.remote.RemoteTestNG.initAndRun(RemoteTestNG.java:204)
	at org.testng.remote.RemoteTestNG.main(RemoteTestNG.java:175)
]]>
    </failure>
  </testcase> <!-- ifLandingPageHasAllTheHeadres -->
</testsuite> <!-- selenium_mvn_eclipse.AppiumTest -->
